<?xml version="1.0" encoding="UTF-8"?>
<!-- Generated by org.testng.reporters.JUnitReportReporter -->
<testsuite skipped="2" hostname="surapaneni" name="com.selenium.sai.framework.Test2" tests="3" failures="0" timestamp="17 Dec 2020 09:11:48 GMT" time="0.016" errors="0">
  <testcase name="test2" time="0.004" classname="com.selenium.sai.framework.Test2">
    <skipped/>
  </testcase> <!-- test2 -->
  <testcase name="test2" time="0.006" classname="com.selenium.sai.framework.Test2">
    <skipped/>
  </testcase> <!-- test2 -->
  <testcase name="test2" time="0.006" classname="com.selenium.sai.framework.Test2"/>
</testsuite> <!-- com.selenium.sai.framework.Test2 -->
