<?xml version="1.0" encoding="UTF-8"?>
<!-- Generated by org.testng.reporters.JUnitReportReporter -->
<testsuite skipped="2" hostname="surapaneni" name="com.selenium.sai.framework.Test2" tests="3" failures="0" timestamp="01 Dec 2020 10:36:28 GMT" time="0.005" errors="0">
  <testcase name="test2" time="0.002" classname="com.selenium.sai.framework.Test2">
    <skipped/>
  </testcase> <!-- test2 -->
  <testcase name="test2" time="0.001" classname="com.selenium.sai.framework.Test2"/>
  <testcase name="test2" time="0.002" classname="com.selenium.sai.framework.Test2">
    <skipped/>
  </testcase> <!-- test2 -->
</testsuite> <!-- com.selenium.sai.framework.Test2 -->
