<?xml version="1.0" encoding="UTF-8"?>
<!-- Generated by org.testng.reporters.JUnitReportReporter -->
<testsuite skipped="2" hostname="surapaneni" name="com.selenium.sai.framework.Test3" tests="3" failures="0" timestamp="01 Dec 2020 10:36:28 GMT" time="0.011" errors="0">
  <testcase name="test3" time="0.003" classname="com.selenium.sai.framework.Test3">
    <skipped/>
  </testcase> <!-- test3 -->
  <testcase name="test3" time="0.007" classname="com.selenium.sai.framework.Test3">
    <skipped/>
  </testcase> <!-- test3 -->
  <testcase name="test3" time="0.001" classname="com.selenium.sai.framework.Test3"/>
</testsuite> <!-- com.selenium.sai.framework.Test3 -->
