<?xml version="1.0" encoding="UTF-8"?>
<!-- Generated by org.testng.reporters.JUnitReportReporter -->
<testsuite skipped="0" hostname="surapaneni" name="com.selenium.sai.framework.helper.excel.ExcelHelper" tests="1" failures="0" timestamp="02 Dec 2020 09:11:18 GMT" time="0.803" errors="0">
  <testcase name="getExcelData" time="0.803" classname="com.selenium.sai.framework.helper.excel.ExcelHelper"/>
</testsuite> <!-- com.selenium.sai.framework.helper.excel.ExcelHelper -->
