<?xml version="1.0" encoding="UTF-8"?>
<!-- Generated by org.testng.reporters.JUnitReportReporter -->
<testsuite skipped="0" hostname="surapaneni" name="com.selenium.sai.framework.Test1" tests="1" failures="0" timestamp="17 Dec 2020 09:11:48 GMT" time="0.023" errors="0">
  <testcase name="test" time="0.023" classname="com.selenium.sai.framework.Test1"/>
</testsuite> <!-- com.selenium.sai.framework.Test1 -->
