<?xml version="1.0" encoding="UTF-8"?>
<!-- Generated by org.testng.reporters.JUnitReportReporter -->
<testsuite skipped="0" hostname="surapaneni" name="com.selenium.sai.framework.Test1" tests="1" failures="0" timestamp="01 Dec 2020 10:36:28 GMT" time="0.026" errors="0">
  <testcase name="test" time="0.026" classname="com.selenium.sai.framework.Test1"/>
</testsuite> <!-- com.selenium.sai.framework.Test1 -->
