<?xml version="1.0" encoding="UTF-8"?>
<!-- Generated by org.testng.reporters.JUnitReportReporter -->
<testsuite skipped="0" hostname="surapaneni" name="com.selenium.sai.framework.helper.excel.ExcelHelperTest" tests="1" failures="0" timestamp="02 Dec 2020 11:41:09 GMT" time="1.010" errors="0">
  <testcase name="updateExcelData" time="1.010" classname="com.selenium.sai.framework.helper.excel.ExcelHelperTest"/>
</testsuite> <!-- com.selenium.sai.framework.helper.excel.ExcelHelperTest -->
