<?xml version="1.0" encoding="UTF-8"?>
<!-- Generated by org.testng.reporters.JUnitReportReporter -->
<testsuite skipped="0" hostname="surapaneni" name="com.selenium.sai.framework.testScripts.TestScreenShot" tests="1" failures="0" timestamp="17 Dec 2020 09:11:48 GMT" time="2.406" errors="0">
  <testcase name="testScreen" time="2.406" classname="com.selenium.sai.framework.testScripts.TestScreenShot"/>
</testsuite> <!-- com.selenium.sai.framework.testScripts.TestScreenShot -->
